Release 14.2 - xst P.28xd (nt64)
Copyright (c) 1995-2012 Xilinx, Inc.  All rights reserved.
--> Parameter TMPDIR set to xst/projnav.tmp


Total REAL time to Xst completion: 0.00 secs
Total CPU time to Xst completion: 0.28 secs
 
--> Parameter xsthdpdir set to xst


Total REAL time to Xst completion: 0.00 secs
Total CPU time to Xst completion: 0.28 secs
 
--> Reading design: PWM_Verilog.prj

TABLE OF CONTENTS
  1) Synthesis Options Summary
  2) HDL Compilation
  3) Design Hierarchy Analysis
  4) HDL Analysis
  5) HDL Synthesis
     5.1) HDL Synthesis Report
  6) Advanced HDL Synthesis
     6.1) Advanced HDL Synthesis Report
  7) Low Level Synthesis
  8) Partition Report
  9) Final Report
	9.1) Device utilization summary
	9.2) Partition Resource Summary
	9.3) TIMING REPORT


=========================================================================
*                      Synthesis Options Summary                        *
=========================================================================
---- Source Parameters
Input File Name                    : "PWM_Verilog.prj"
Input Format                       : mixed
Ignore Synthesis Constraint File   : NO

---- Target Parameters
Output File Name                   : "PWM_Verilog"
Output Format                      : NGC
Target Device                      : xc3s250e-5-cp132

---- Source Options
Top Module Name                    : PWM_Verilog
Automatic FSM Extraction           : YES
FSM Encoding Algorithm             : Auto
Safe Implementation                : No
FSM Style                          : LUT
RAM Extraction                     : Yes
RAM Style                          : Auto
ROM Extraction                     : Yes
Mux Style                          : Auto
Decoder Extraction                 : YES
Priority Encoder Extraction        : Yes
Shift Register Extraction          : YES
Logical Shifter Extraction         : YES
XOR Collapsing                     : YES
ROM Style                          : Auto
Mux Extraction                     : Yes
Resource Sharing                   : YES
Asynchronous To Synchronous        : NO
Multiplier Style                   : Auto
Automatic Register Balancing       : No

---- Target Options
Add IO Buffers                     : YES
Global Maximum Fanout              : 500
Add Generic Clock Buffer(BUFG)     : 24
Register Duplication               : YES
Slice Packing                      : YES
Optimize Instantiated Primitives   : NO
Use Clock Enable                   : Yes
Use Synchronous Set                : Yes
Use Synchronous Reset              : Yes
Pack IO Registers into IOBs        : Auto
Equivalent register Removal        : YES

---- General Options
Optimization Goal                  : Speed
Optimization Effort                : 1
Keep Hierarchy                     : No
Netlist Hierarchy                  : As_Optimized
RTL Output                         : Yes
Global Optimization                : AllClockNets
Read Cores                         : YES
Write Timing Constraints           : NO
Cross Clock Analysis               : NO
Hierarchy Separator                : /
Bus Delimiter                      : <>
Case Specifier                     : Maintain
Slice Utilization Ratio            : 100
BRAM Utilization Ratio             : 100
Verilog 2001                       : YES
Auto BRAM Packing                  : NO
Slice Utilization Ratio Delta      : 5

=========================================================================


=========================================================================
*                          HDL Compilation                              *
=========================================================================
Compiling verilog file "PWM.v" in library work
Module <PWM_Verilog> compiled
No errors in compilation
Analysis of file <"PWM_Verilog.prj"> succeeded.
 

=========================================================================
*                     Design Hierarchy Analysis                         *
=========================================================================
Analyzing hierarchy for module <PWM_Verilog> in library <work>.


=========================================================================
*                            HDL Analysis                               *
=========================================================================
Analyzing top module <PWM_Verilog>.
Module <PWM_Verilog> is correct for synthesis.
 

=========================================================================
*                           HDL Synthesis                               *
=========================================================================

Performing bidirectional port resolution...

Synthesizing Unit <PWM_Verilog>.
    Related source file is "PWM.v".
    Found 8-bit comparator lessequal for signal <PWM$cmp_le0000> created at line 50.
    Found 8-bit up counter for signal <Q>.
    Summary:
	inferred   1 Counter(s).
	inferred   1 Comparator(s).
Unit <PWM_Verilog> synthesized.


=========================================================================
HDL Synthesis Report

Macro Statistics
# Counters                                             : 1
 8-bit up counter                                      : 1
# Comparators                                          : 1
 8-bit comparator lessequal                            : 1

=========================================================================

=========================================================================
*                       Advanced HDL Synthesis                          *
=========================================================================


=========================================================================
Advanced HDL Synthesis Report

Macro Statistics
# Counters                                             : 1
 8-bit up counter                                      : 1
# Comparators                                          : 1
 8-bit comparator lessequal                            : 1

=========================================================================

=========================================================================
*                         Low Level Synthesis                           *
=========================================================================

Optimizing unit <PWM_Verilog> ...

Mapping all equations...
Building and optimizing final netlist ...
Found area constraint ratio of 100 (+ 5) on block PWM_Verilog, actual ratio is 0.

Final Macro Processing ...

=========================================================================
Final Register Report

Macro Statistics
# Registers                                            : 8
 Flip-Flops                                            : 8

=========================================================================

=========================================================================
*                           Partition Report                            *
=========================================================================

Partition Implementation Status
-------------------------------

  No Partitions were found in this design.

-------------------------------

=========================================================================
*                            Final Report                               *
=========================================================================
Final Results
RTL Top Level Output File Name     : PWM_Verilog.ngr
Top Level Output File Name         : PWM_Verilog
Output Format                      : NGC
Optimization Goal                  : Speed
Keep Hierarchy                     : No

Design Statistics
# IOs                              : 11

Cell Usage :
# BELS                             : 44
#      GND                         : 1
#      INV                         : 1
#      LUT1                        : 7
#      LUT2                        : 8
#      LUT3                        : 1
#      LUT4                        : 2
#      MUXCY                       : 15
#      VCC                         : 1
#      XORCY                       : 8
# FlipFlops/Latches                : 8
#      FDE                         : 8
# Clock Buffers                    : 1
#      BUFGP                       : 1
# IO Buffers                       : 10
#      IBUF                        : 9
#      OBUF                        : 1
=========================================================================

Device utilization summary:
---------------------------

Selected Device : 3s250ecp132-5 

 Number of Slices:                       10  out of   2448     0%  
 Number of Slice Flip Flops:              8  out of   4896     0%  
 Number of 4 input LUTs:                 19  out of   4896     0%  
 Number of IOs:                          11
 Number of bonded IOBs:                  11  out of     92    11%  
 Number of GCLKs:                         1  out of     24     4%  

---------------------------
Partition Resource Summary:
---------------------------

  No Partitions were found in this design.

---------------------------


=========================================================================
TIMING REPORT

NOTE: THESE TIMING NUMBERS ARE ONLY A SYNTHESIS ESTIMATE.
      FOR ACCURATE TIMING INFORMATION PLEASE REFER TO THE TRACE REPORT
      GENERATED AFTER PLACE-and-ROUTE.

Clock Information:
------------------
-----------------------------------+------------------------+-------+
Clock Signal                       | Clock buffer(FF name)  | Load  |
-----------------------------------+------------------------+-------+
CLK                                | BUFGP                  | 8     |
-----------------------------------+------------------------+-------+

Asynchronous Control Signals Information:
----------------------------------------
No asynchronous control signals found in this design

Timing Summary:
---------------
Speed Grade: -5

   Minimum period: 3.286ns (Maximum Frequency: 304.280MHz)
   Minimum input arrival time before clock: 2.232ns
   Maximum output required time after clock: 7.334ns
   Maximum combinational path delay: 8.009ns

Timing Detail:
--------------
All values displayed in nanoseconds (ns)

=========================================================================
Timing constraint: Default period analysis for Clock 'CLK'
  Clock period: 3.286ns (frequency: 304.280MHz)
  Total number of paths / destination ports: 36 / 8
-------------------------------------------------------------------------
Delay:               3.286ns (Levels of Logic = 8)
  Source:            Q_1 (FF)
  Destination:       Q_7 (FF)
  Source Clock:      CLK rising
  Destination Clock: CLK rising

  Data Path: Q_1 to Q_7
                                Gate     Net
    Cell:in->out      fanout   Delay   Delay  Logical Name (Net Name)
    ----------------------------------------  ------------
     FDE:C->Q              2   0.514   0.532  Q_1 (Q_1)
     LUT1:I0->O            1   0.612   0.000  Mcount_Q_cy<1>_rt (Mcount_Q_cy<1>_rt)
     MUXCY:S->O            1   0.404   0.000  Mcount_Q_cy<1> (Mcount_Q_cy<1>)
     MUXCY:CI->O           1   0.051   0.000  Mcount_Q_cy<2> (Mcount_Q_cy<2>)
     MUXCY:CI->O           1   0.051   0.000  Mcount_Q_cy<3> (Mcount_Q_cy<3>)
     MUXCY:CI->O           1   0.051   0.000  Mcount_Q_cy<4> (Mcount_Q_cy<4>)
     MUXCY:CI->O           1   0.051   0.000  Mcount_Q_cy<5> (Mcount_Q_cy<5>)
     MUXCY:CI->O           0   0.051   0.000  Mcount_Q_cy<6> (Mcount_Q_cy<6>)
     XORCY:CI->O           1   0.699   0.000  Mcount_Q_xor<7> (Result<7>)
     FDE:D                     0.268          Q_7
    ----------------------------------------
    Total                      3.286ns (2.755ns logic, 0.532ns route)
                                       (83.8% logic, 16.2% route)

=========================================================================
Timing constraint: Default OFFSET IN BEFORE for Clock 'CLK'
  Total number of paths / destination ports: 8 / 8
-------------------------------------------------------------------------
Offset:              2.232ns (Levels of Logic = 1)
  Source:            CE (PAD)
  Destination:       Q_0 (FF)
  Destination Clock: CLK rising

  Data Path: CE to Q_0
                                Gate     Net
    Cell:in->out      fanout   Delay   Delay  Logical Name (Net Name)
    ----------------------------------------  ------------
     IBUF:I->O             8   1.106   0.643  CE_IBUF (CE_IBUF)
     FDE:CE                    0.483          Q_0
    ----------------------------------------
    Total                      2.232ns (1.589ns logic, 0.643ns route)
                                       (71.2% logic, 28.8% route)

=========================================================================
Timing constraint: Default OFFSET OUT AFTER for Clock 'CLK'
  Total number of paths / destination ports: 8 / 1
-------------------------------------------------------------------------
Offset:              7.334ns (Levels of Logic = 11)
  Source:            Q_0 (FF)
  Destination:       PWM (PAD)
  Source Clock:      CLK rising

  Data Path: Q_0 to PWM
                                Gate     Net
    Cell:in->out      fanout   Delay   Delay  Logical Name (Net Name)
    ----------------------------------------  ------------
     FDE:C->Q              2   0.514   0.449  Q_0 (Q_0)
     LUT2:I1->O            1   0.612   0.000  Mcompar_PWM_cmp_le0000_lut<0> (Mcompar_PWM_cmp_le0000_lut<0>)
     MUXCY:S->O            1   0.404   0.000  Mcompar_PWM_cmp_le0000_cy<0> (Mcompar_PWM_cmp_le0000_cy<0>)
     MUXCY:CI->O           1   0.051   0.000  Mcompar_PWM_cmp_le0000_cy<1> (Mcompar_PWM_cmp_le0000_cy<1>)
     MUXCY:CI->O           1   0.051   0.000  Mcompar_PWM_cmp_le0000_cy<2> (Mcompar_PWM_cmp_le0000_cy<2>)
     MUXCY:CI->O           1   0.051   0.000  Mcompar_PWM_cmp_le0000_cy<3> (Mcompar_PWM_cmp_le0000_cy<3>)
     MUXCY:CI->O           1   0.051   0.000  Mcompar_PWM_cmp_le0000_cy<4> (Mcompar_PWM_cmp_le0000_cy<4>)
     MUXCY:CI->O           1   0.051   0.000  Mcompar_PWM_cmp_le0000_cy<5> (Mcompar_PWM_cmp_le0000_cy<5>)
     MUXCY:CI->O           1   0.051   0.000  Mcompar_PWM_cmp_le0000_cy<6> (Mcompar_PWM_cmp_le0000_cy<6>)
     MUXCY:CI->O           1   0.399   0.509  Mcompar_PWM_cmp_le0000_cy<7> (PWM_cmp_le0000)
     LUT3:I0->O            1   0.612   0.357  PWM18 (PWM_OBUF)
     OBUF:I->O                 3.169          PWM_OBUF (PWM)
    ----------------------------------------
    Total                      7.334ns (6.020ns logic, 1.315ns route)
                                       (82.1% logic, 17.9% route)

=========================================================================
Timing constraint: Default path analysis
  Total number of paths / destination ports: 24 / 1
-------------------------------------------------------------------------
Delay:               8.009ns (Levels of Logic = 12)
  Source:            D<0> (PAD)
  Destination:       PWM (PAD)

  Data Path: D<0> to PWM
                                Gate     Net
    Cell:in->out      fanout   Delay   Delay  Logical Name (Net Name)
    ----------------------------------------  ------------
     IBUF:I->O             2   1.106   0.532  D_0_IBUF (D_0_IBUF)
     LUT2:I0->O            1   0.612   0.000  Mcompar_PWM_cmp_le0000_lut<0> (Mcompar_PWM_cmp_le0000_lut<0>)
     MUXCY:S->O            1   0.404   0.000  Mcompar_PWM_cmp_le0000_cy<0> (Mcompar_PWM_cmp_le0000_cy<0>)
     MUXCY:CI->O           1   0.051   0.000  Mcompar_PWM_cmp_le0000_cy<1> (Mcompar_PWM_cmp_le0000_cy<1>)
     MUXCY:CI->O           1   0.051   0.000  Mcompar_PWM_cmp_le0000_cy<2> (Mcompar_PWM_cmp_le0000_cy<2>)
     MUXCY:CI->O           1   0.051   0.000  Mcompar_PWM_cmp_le0000_cy<3> (Mcompar_PWM_cmp_le0000_cy<3>)
     MUXCY:CI->O           1   0.051   0.000  Mcompar_PWM_cmp_le0000_cy<4> (Mcompar_PWM_cmp_le0000_cy<4>)
     MUXCY:CI->O           1   0.051   0.000  Mcompar_PWM_cmp_le0000_cy<5> (Mcompar_PWM_cmp_le0000_cy<5>)
     MUXCY:CI->O           1   0.051   0.000  Mcompar_PWM_cmp_le0000_cy<6> (Mcompar_PWM_cmp_le0000_cy<6>)
     MUXCY:CI->O           1   0.399   0.509  Mcompar_PWM_cmp_le0000_cy<7> (PWM_cmp_le0000)
     LUT3:I0->O            1   0.612   0.357  PWM18 (PWM_OBUF)
     OBUF:I->O                 3.169          PWM_OBUF (PWM)
    ----------------------------------------
    Total                      8.009ns (6.611ns logic, 1.398ns route)
                                       (82.5% logic, 17.5% route)

=========================================================================


Total REAL time to Xst completion: 6.00 secs
Total CPU time to Xst completion: 5.51 secs
 
--> 

Total memory usage is 290736 kilobytes

Number of errors   :    0 (   0 filtered)
Number of warnings :    0 (   0 filtered)
Number of infos    :    0 (   0 filtered)

