Release 14.2 - xst P.28xd (nt64)
Copyright (c) 1995-2012 Xilinx, Inc.  All rights reserved.
--> Parameter TMPDIR set to xst/projnav.tmp


Total REAL time to Xst completion: 0.00 secs
Total CPU time to Xst completion: 0.12 secs
 
--> Parameter xsthdpdir set to xst


Total REAL time to Xst completion: 0.00 secs
Total CPU time to Xst completion: 0.12 secs
 
--> Reading design: Code.prj

TABLE OF CONTENTS
  1) Synthesis Options Summary
  2) HDL Compilation
  3) Design Hierarchy Analysis
  4) HDL Analysis
  5) HDL Synthesis
     5.1) HDL Synthesis Report
  6) Advanced HDL Synthesis
     6.1) Advanced HDL Synthesis Report
  7) Low Level Synthesis
  8) Partition Report
  9) Final Report
	9.1) Device utilization summary
	9.2) Partition Resource Summary
	9.3) TIMING REPORT


=========================================================================
*                      Synthesis Options Summary                        *
=========================================================================
---- Source Parameters
Input File Name                    : "Code.prj"
Input Format                       : mixed
Ignore Synthesis Constraint File   : NO

---- Target Parameters
Output File Name                   : "Code"
Output Format                      : NGC
Target Device                      : xc3s100e-5-cp132

---- Source Options
Top Module Name                    : Code
Automatic FSM Extraction           : YES
FSM Encoding Algorithm             : Auto
Safe Implementation                : No
FSM Style                          : LUT
RAM Extraction                     : Yes
RAM Style                          : Auto
ROM Extraction                     : Yes
Mux Style                          : Auto
Decoder Extraction                 : YES
Priority Encoder Extraction        : Yes
Shift Register Extraction          : YES
Logical Shifter Extraction         : YES
XOR Collapsing                     : YES
ROM Style                          : Auto
Mux Extraction                     : Yes
Resource Sharing                   : YES
Asynchronous To Synchronous        : NO
Multiplier Style                   : Auto
Automatic Register Balancing       : No

---- Target Options
Add IO Buffers                     : YES
Global Maximum Fanout              : 100000
Add Generic Clock Buffer(BUFG)     : 24
Register Duplication               : YES
Slice Packing                      : YES
Optimize Instantiated Primitives   : NO
Use Clock Enable                   : Yes
Use Synchronous Set                : Yes
Use Synchronous Reset              : Yes
Pack IO Registers into IOBs        : Auto
Equivalent register Removal        : YES

---- General Options
Optimization Goal                  : Speed
Optimization Effort                : 1
Keep Hierarchy                     : No
Netlist Hierarchy                  : As_Optimized
RTL Output                         : Yes
Global Optimization                : AllClockNets
Read Cores                         : YES
Write Timing Constraints           : NO
Cross Clock Analysis               : NO
Hierarchy Separator                : /
Bus Delimiter                      : <>
Case Specifier                     : Maintain
Slice Utilization Ratio            : 100
BRAM Utilization Ratio             : 100
Verilog 2001                       : YES
Auto BRAM Packing                  : NO
Slice Utilization Ratio Delta      : 5

=========================================================================


=========================================================================
*                          HDL Compilation                              *
=========================================================================
Compiling verilog file "../../../../Downloads/Code.v" in library work
Module <Code> compiled
No errors in compilation
Analysis of file <"Code.prj"> succeeded.
 

=========================================================================
*                     Design Hierarchy Analysis                         *
=========================================================================
Analyzing hierarchy for module <Code> in library <work>.


=========================================================================
*                            HDL Analysis                               *
=========================================================================
Analyzing top module <Code>.
WARNING:Xst:863 - "../../../../Downloads/Code.v" line 28: Name conflict (<ADDR> and <addr>, renaming ADDR as addr_rnm0).
WARNING:Xst:863 - "../../../../Downloads/Code.v" line 27: Name conflict (<DATA> and <data>, renaming DATA as data_rnm0).
	Enabling task <START_STOP>.
ERROR:Xst:850 - "../../../../Downloads/Code.v" line 43: Unsupported Event Control Statement. 
	Enabling task <Address>.
ERROR:Xst:850 - "../../../../Downloads/Code.v" line 71: Unsupported Event Control Statement. 
	Enabling task <Acknowledgement>.
ERROR:Xst:850 - "../../../../Downloads/Code.v" line 55: Unsupported Event Control Statement. 
ERROR:Xst:850 - "../../../../Downloads/Code.v" line 56: Unsupported Fork Statement. 
	Enabling task <Send_data>.
ERROR:Xst:850 - "../../../../Downloads/Code.v" line 82: Unsupported Event Control Statement. 
	Enabling task <Acknowledgement>.
ERROR:Xst:850 - "../../../../Downloads/Code.v" line 55: Unsupported Event Control Statement. 
ERROR:Xst:850 - "../../../../Downloads/Code.v" line 56: Unsupported Fork Statement. 
	Enabling task <START_STOP>.
ERROR:Xst:850 - "../../../../Downloads/Code.v" line 43: Unsupported Event Control Statement. 
	Enabling task <Address>.
ERROR:Xst:850 - "../../../../Downloads/Code.v" line 71: Unsupported Event Control Statement. 
	Enabling task <Acknowledgement>.
ERROR:Xst:850 - "../../../../Downloads/Code.v" line 55: Unsupported Event Control Statement. 
ERROR:Xst:850 - "../../../../Downloads/Code.v" line 56: Unsupported Fork Statement. 
 
Found 11 error(s). Aborting synthesis.
--> 

Total memory usage is 282608 kilobytes

Number of errors   :   11 (   0 filtered)
Number of warnings :    2 (   0 filtered)
Number of infos    :    0 (   0 filtered)

