Release 14.2 - xst P.28xd (nt64)
Copyright (c) 1995-2012 Xilinx, Inc.  All rights reserved.
--> Parameter TMPDIR set to xst/projnav.tmp


Total REAL time to Xst completion: 1.00 secs
Total CPU time to Xst completion: 0.22 secs
 
--> Parameter xsthdpdir set to xst


Total REAL time to Xst completion: 1.00 secs
Total CPU time to Xst completion: 0.22 secs
 
--> Reading design: Commutation.prj

TABLE OF CONTENTS
  1) Synthesis Options Summary
  2) HDL Compilation
  3) Design Hierarchy Analysis
  4) HDL Analysis
  5) HDL Synthesis
     5.1) HDL Synthesis Report
  6) Advanced HDL Synthesis
     6.1) Advanced HDL Synthesis Report
  7) Low Level Synthesis
  8) Partition Report
  9) Final Report
	9.1) Device utilization summary
	9.2) Partition Resource Summary
	9.3) TIMING REPORT


=========================================================================
*                      Synthesis Options Summary                        *
=========================================================================
---- Source Parameters
Input File Name                    : "Commutation.prj"
Input Format                       : mixed
Ignore Synthesis Constraint File   : NO

---- Target Parameters
Output File Name                   : "Commutation"
Output Format                      : NGC
Target Device                      : xc3s250e-5-cp132

---- Source Options
Top Module Name                    : Commutation
Automatic FSM Extraction           : YES
FSM Encoding Algorithm             : Auto
Safe Implementation                : No
FSM Style                          : LUT
RAM Extraction                     : Yes
RAM Style                          : Auto
ROM Extraction                     : Yes
Mux Style                          : Auto
Decoder Extraction                 : YES
Priority Encoder Extraction        : Yes
Shift Register Extraction          : YES
Logical Shifter Extraction         : YES
XOR Collapsing                     : YES
ROM Style                          : Auto
Mux Extraction                     : Yes
Resource Sharing                   : YES
Asynchronous To Synchronous        : NO
Multiplier Style                   : Auto
Automatic Register Balancing       : No

---- Target Options
Add IO Buffers                     : YES
Global Maximum Fanout              : 100000
Add Generic Clock Buffer(BUFG)     : 24
Register Duplication               : YES
Slice Packing                      : YES
Optimize Instantiated Primitives   : NO
Use Clock Enable                   : Yes
Use Synchronous Set                : Yes
Use Synchronous Reset              : Yes
Pack IO Registers into IOBs        : Auto
Equivalent register Removal        : YES

---- General Options
Optimization Goal                  : Speed
Optimization Effort                : 1
Keep Hierarchy                     : No
Netlist Hierarchy                  : As_Optimized
RTL Output                         : Yes
Global Optimization                : AllClockNets
Read Cores                         : YES
Write Timing Constraints           : NO
Cross Clock Analysis               : NO
Hierarchy Separator                : /
Bus Delimiter                      : <>
Case Specifier                     : Maintain
Slice Utilization Ratio            : 100
BRAM Utilization Ratio             : 100
Verilog 2001                       : YES
Auto BRAM Packing                  : NO
Slice Utilization Ratio Delta      : 5

=========================================================================


=========================================================================
*                          HDL Compilation                              *
=========================================================================
Compiling vhdl file "C:/Users/Chaitanya Paikara/Documents/GitHub/Xilinx_FPGA/BLDC_Controller_V1/PWM_VNB.vhf" in Library work.
Architecture behavioral of Entity ftrse_mxilinx_pwm_vnb is up to date.
Architecture behavioral of Entity cb4re_mxilinx_pwm_vnb is up to date.
Architecture behavioral of Entity pwm_v2_muser_pwm_vnb is up to date.
Architecture behavioral of Entity comparator_muser_pwm_vnb is up to date.
Architecture behavioral of Entity pwm_vnb is up to date.
Compiling vhdl file "C:/Users/Chaitanya Paikara/Documents/GitHub/Xilinx_FPGA/BLDC_Controller_V1/PWM_V2.vhf" in Library work.
Architecture behavioral of Entity pwm_v2 is up to date.
Compiling vhdl file "C:/Users/Chaitanya Paikara/Documents/GitHub/Xilinx_FPGA/BLDC_Controller_V1/PWM_NB1.vhf" in Library work.
Architecture behavioral of Entity ftrse_mxilinx_pwm_nb1 is up to date.
Architecture behavioral of Entity cb4re_mxilinx_pwm_nb1 is up to date.
Architecture behavioral of Entity pwm_v2_muser_pwm_nb1 is up to date.
Architecture behavioral of Entity comparator_muser_pwm_nb1 is up to date.
Architecture behavioral of Entity pwm_nb1 is up to date.
Compiling vhdl file "C:/Users/Chaitanya Paikara/Documents/GitHub/Xilinx_FPGA/BLDC_Controller_V1/PWM.vhf" in Library work.
Architecture behavioral of Entity ftce_mxilinx_pwm is up to date.
Architecture behavioral of Entity cb4ce_mxilinx_pwm is up to date.
Architecture behavioral of Entity pwm is up to date.
Compiling vhdl file "C:/Users/Chaitanya Paikara/Documents/GitHub/Xilinx_FPGA/BLDC_Controller_V1/MAIN_1.vhf" in Library work.
Architecture behavioral of Entity ftrse_mxilinx_main_1 is up to date.
Architecture behavioral of Entity cb4re_mxilinx_main_1 is up to date.
Architecture behavioral of Entity pwm_v2_muser_main_1 is up to date.
Architecture behavioral of Entity comparator_muser_main_1 is up to date.
Architecture behavioral of Entity pwm_nb1_muser_main_1 is up to date.
Architecture behavioral of Entity commutation_muser_main_1 is up to date.
Architecture behavioral of Entity or6_mxilinx_main_1 is up to date.
Architecture behavioral of Entity m2_1_mxilinx_main_1 is up to date.
Architecture behavioral of Entity main_1 is up to date.
Compiling vhdl file "C:/Users/Chaitanya Paikara/Documents/GitHub/Xilinx_FPGA/BLDC_Controller_V1/MAIN.vhf" in Library work.
Architecture behavioral of Entity commutation_muser_main is up to date.
Architecture behavioral of Entity ftrse_mxilinx_main is up to date.
Architecture behavioral of Entity cb4re_mxilinx_main is up to date.
Architecture behavioral of Entity pwm_v2_muser_main is up to date.
Architecture behavioral of Entity comparator_muser_main is up to date.
Architecture behavioral of Entity pwm_vnb_muser_main is up to date.
Architecture behavioral of Entity or6_mxilinx_main is up to date.
Architecture behavioral of Entity m2_1_mxilinx_main is up to date.
Architecture behavioral of Entity main is up to date.
Compiling vhdl file "C:/Users/Chaitanya Paikara/Documents/GitHub/Xilinx_FPGA/BLDC_Controller_V1/DEADTIME.vhf" in Library work.
Architecture behavioral of Entity deadtime is up to date.
Compiling vhdl file "C:/Users/Chaitanya Paikara/Documents/GitHub/Xilinx_FPGA/BLDC_Controller_V1/Comparator.vhf" in Library work.
Architecture behavioral of Entity pwm_v2_muser_comparator is up to date.
Architecture behavioral of Entity comparator is up to date.
Compiling vhdl file "C:/Users/Chaitanya Paikara/Documents/GitHub/Xilinx_FPGA/BLDC_Controller_V1/Commutation.vhf" in Library work.
Entity <commutation> compiled.
Entity <commutation> (Architecture <behavioral>) compiled.

=========================================================================
*                     Design Hierarchy Analysis                         *
=========================================================================
Analyzing hierarchy for entity <Commutation> in library <work> (architecture <behavioral>).


=========================================================================
*                            HDL Analysis                               *
=========================================================================
Analyzing Entity <Commutation> in library <work> (Architecture <behavioral>).
Entity <Commutation> analyzed. Unit <Commutation> generated.


=========================================================================
*                           HDL Synthesis                               *
=========================================================================

Performing bidirectional port resolution...

Synthesizing Unit <Commutation>.
    Related source file is "C:/Users/Chaitanya Paikara/Documents/GitHub/Xilinx_FPGA/BLDC_Controller_V1/Commutation.vhf".
Unit <Commutation> synthesized.


=========================================================================
HDL Synthesis Report

Found no macro
=========================================================================

=========================================================================
*                       Advanced HDL Synthesis                          *
=========================================================================


=========================================================================
Advanced HDL Synthesis Report

Found no macro
=========================================================================

=========================================================================
*                         Low Level Synthesis                           *
=========================================================================

Optimizing unit <Commutation> ...

Mapping all equations...
Building and optimizing final netlist ...
Found area constraint ratio of 100 (+ 5) on block Commutation, actual ratio is 0.

Final Macro Processing ...

=========================================================================
Final Register Report

Found no macro
=========================================================================

=========================================================================
*                           Partition Report                            *
=========================================================================

Partition Implementation Status
-------------------------------

  No Partitions were found in this design.

-------------------------------

=========================================================================
*                            Final Report                               *
=========================================================================
Final Results
RTL Top Level Output File Name     : Commutation.ngr
Top Level Output File Name         : Commutation
Output Format                      : NGC
Optimization Goal                  : Speed
Keep Hierarchy                     : No

Design Statistics
# IOs                              : 9

Cell Usage :
# BELS                             : 9
#      AND2                        : 3
#      INV                         : 3
#      OR2                         : 3
# IO Buffers                       : 9
#      IBUF                        : 3
#      OBUF                        : 6
=========================================================================

Device utilization summary:
---------------------------

Selected Device : 3s250ecp132-5 

 Number of Slices:                        2  out of   2448     0%  
 Number of 4 input LUTs:                  3  out of   4896     0%  
 Number of IOs:                           9
 Number of bonded IOBs:                   9  out of     92     9%  

---------------------------
Partition Resource Summary:
---------------------------

  No Partitions were found in this design.

---------------------------


=========================================================================
TIMING REPORT

NOTE: THESE TIMING NUMBERS ARE ONLY A SYNTHESIS ESTIMATE.
      FOR ACCURATE TIMING INFORMATION PLEASE REFER TO THE TRACE REPORT
      GENERATED AFTER PLACE-and-ROUTE.

Clock Information:
------------------
No clock signals found in this design

Asynchronous Control Signals Information:
----------------------------------------
No asynchronous control signals found in this design

Timing Summary:
---------------
Speed Grade: -5

   Minimum period: No path found
   Minimum input arrival time before clock: No path found
   Maximum output required time after clock: No path found
   Maximum combinational path delay: 6.687ns

Timing Detail:
--------------
All values displayed in nanoseconds (ns)

=========================================================================
Timing constraint: Default path analysis
  Total number of paths / destination ports: 12 / 6
-------------------------------------------------------------------------
Delay:               6.687ns (Levels of Logic = 4)
  Source:            H1 (PAD)
  Destination:       AA (PAD)

  Data Path: H1 to AA
                                Gate     Net
    Cell:in->out      fanout   Delay   Delay  Logical Name (Net Name)
    ----------------------------------------  ------------
     IBUF:I->O             3   1.106   0.451  H1_IBUF (H1_IBUF)
     INV:I->O              2   0.612   0.380  XLXI_24 (XLXN_59)
     OR2:I1->O             1   0.612   0.357  XLXI_27 (A_OBUF)
     OBUF:I->O                 3.169          A_OBUF (A)
    ----------------------------------------
    Total                      6.687ns (5.499ns logic, 1.188ns route)
                                       (82.2% logic, 17.8% route)

=========================================================================


Total REAL time to Xst completion: 12.00 secs
Total CPU time to Xst completion: 11.49 secs
 
--> 

Total memory usage is 307548 kilobytes

Number of errors   :    0 (   0 filtered)
Number of warnings :    0 (   0 filtered)
Number of infos    :    0 (   0 filtered)

