--------------------------------------------------------------------------------
Release 14.2 Trace  (nt64)
Copyright (c) 1995-2012 Xilinx, Inc.  All rights reserved.

C:\Xilinx\14.2\ISE_DS\ISE\bin\nt64\unwrapped\trce.exe -intstyle ise -v 3 -s 5
-n 3 -fastpaths -xml MAIN_1.twx MAIN_1.ncd -o MAIN_1.twr MAIN_1.pcf -ucf
BLDC.ucf

Design file:              MAIN_1.ncd
Physical constraint file: MAIN_1.pcf
Device,package,speed:     xc3s250e,cp132,-5 (PRODUCTION 1.27 2012-07-09)
Report level:             verbose report

Environment Variable      Effect 
--------------------      ------ 
NONE                      No environment variables were set
--------------------------------------------------------------------------------

INFO:Timing:2698 - No timing constraints found, doing default enumeration.
INFO:Timing:3412 - To improve timing, see the Timing Closure User Guide (UG612).
INFO:Timing:2752 - To get complete path coverage, use the unconstrained paths 
   option. All paths that are not constrained will be reported in the 
   unconstrained paths section(s) of the report.
INFO:Timing:3339 - The clock-to-out numbers in this timing report are based on 
   a 50 Ohm transmission line loading model.  For the details of this model, 
   and for more information on accounting for different loading conditions, 
   please see the device datasheet.
INFO:Timing:3390 - This architecture does not support a default System Jitter 
   value, please add SYSTEM_JITTER constraint to the UCF to modify the Clock 
   Uncertainty calculation.
INFO:Timing:3389 - This architecture does not support 'Discrete Jitter' and 
   'Phase Error' calculations, these terms will be zero in the Clock 
   Uncertainty calculation.  Please make appropriate modification to 
   SYSTEM_JITTER to account for the unsupported Discrete Jitter and Phase 
   Error.



Data Sheet report:
-----------------
All values displayed in nanoseconds (ns)

Setup/Hold to clock CLK
------------+------------+------------+------------------+--------+
            |Max Setup to|Max Hold to |                  | Clock  |
Source      | clk (edge) | clk (edge) |Internal Clock(s) | Phase  |
------------+------------+------------+------------------+--------+
D<0>        |    4.698(R)|   -1.199(R)|CLK_BUFGP         |   0.000|
D<1>        |    4.737(R)|   -1.472(R)|CLK_BUFGP         |   0.000|
D<2>        |    4.274(R)|   -0.975(R)|CLK_BUFGP         |   0.000|
D<3>        |    4.337(R)|    0.186(R)|CLK_BUFGP         |   0.000|
H1          |    4.456(R)|   -1.047(R)|CLK_BUFGP         |   0.000|
H2          |    5.201(R)|   -1.643(R)|CLK_BUFGP         |   0.000|
H3          |    5.593(R)|   -1.956(R)|CLK_BUFGP         |   0.000|
------------+------------+------------+------------------+--------+

Clock CLK to Pad
------------+------------+------------------+--------+
            | clk (edge) |                  | Clock  |
Destination |   to PAD   |Internal Clock(s) | Phase  |
------------+------------+------------------+--------+
A           |   12.620(R)|CLK_BUFGP         |   0.000|
AA          |   12.270(R)|CLK_BUFGP         |   0.000|
B           |   12.776(R)|CLK_BUFGP         |   0.000|
BB          |   13.043(R)|CLK_BUFGP         |   0.000|
C           |   13.723(R)|CLK_BUFGP         |   0.000|
CC          |   13.997(R)|CLK_BUFGP         |   0.000|
------------+------------+------------------+--------+

Clock to Setup on destination clock CLK
---------------+---------+---------+---------+---------+
               | Src:Rise| Src:Fall| Src:Rise| Src:Fall|
Source Clock   |Dest:Rise|Dest:Rise|Dest:Fall|Dest:Fall|
---------------+---------+---------+---------+---------+
CLK            |    4.181|         |         |         |
---------------+---------+---------+---------+---------+

Pad to Pad
---------------+---------------+---------+
Source Pad     |Destination Pad|  Delay  |
---------------+---------------+---------+
H1             |A              |   10.994|
H1             |AA             |   10.738|
H1             |C              |   10.085|
H1             |CC             |   10.593|
H2             |A              |   11.110|
H2             |AA             |   10.876|
H2             |B              |   10.825|
H2             |BB             |   11.221|
H3             |B              |   10.420|
H3             |BB             |   10.871|
H3             |C              |   10.123|
H3             |CC             |   10.660|
---------------+---------------+---------+


Analysis completed Tue Oct 11 20:17:06 2016 
--------------------------------------------------------------------------------

Trace Settings:
-------------------------
Trace Settings 

Peak Memory Usage: 162 MB



