Command line:
   MAIN_MAIN_sch_tb_isim_par.exe
     -simmode  gui
     -sdfmax  /UUT/=netgen/par/MAIN_timesim.sdf
     -sdfroot  /UUT
     -simrunnum  1
     -socket  58495

Sat Aug 27 18:26:10 2016


 Elaboration Time: 0.0625 sec

 Current Memory Usage: 843.932 Meg

 Total Signals          : 637
 Total Nets             : 395
 Total Signal Drivers   : 363
 Total Blocks           : 176
 Total Primitive Blocks : 95
 Total Processes        : 370
 Total Traceable Variables  : 928
 Total Scalar Nets and Variables : 7337

 Total Simulation Time: 0.1875 sec

 Current Memory Usage: 686.645 Meg

Sat Aug 27 18:28:31 2016

